{
  "RSpec": {
    "coverage": {
      "/root/EasterEggIsland/app/controllers/eggs_controller.rb": {
        "lines": [
          1,
          1,
          1,
          null,
          null,
          1,
          5,
          null,
          null,
          null,
          1,
          null,
          null,
          null,
          1,
          5,
          null,
          null,
          null,
          1,
          null,
          null,
          null,
          1,
          5,
          null,
          5,
          5,
          6,
          3,
          null,
          4,
          2,
          null,
          null,
          null,
          null,
          null,
          1,
          4,
          4,
          4,
          2,
          null,
          4,
          2,
          null,
          null,
          null,
          null,
          null,
          1,
          0,
          null,
          0,
          0,
          0,
          null,
          null,
          null,
          1,
          null,
          1,
          12,
          null,
          null,
          null,
          1,
          9,
          null,
          null,
          null
        ]
      },
      "/root/EasterEggIsland/app/controllers/application_controller.rb": {
        "lines": [
          1,
          null
        ]
      },
      "/root/EasterEggIsland/app/models/egg.rb": {
        "lines": [
          1,
          1,
          null,
          null
        ]
      },
      "/root/EasterEggIsland/app/channels/application_cable/channel.rb": {
        "lines": [
          0,
          0,
          0,
          0
        ],
        "branches": {
        }
      },
      "/root/EasterEggIsland/app/channels/application_cable/connection.rb": {
        "lines": [
          0,
          0,
          0,
          0
        ],
        "branches": {
        }
      },
      "/root/EasterEggIsland/app/helpers/application_helper.rb": {
        "lines": [
          0,
          0
        ],
        "branches": {
        }
      },
      "/root/EasterEggIsland/app/helpers/eggs_helper.rb": {
        "lines": [
          0,
          0
        ],
        "branches": {
        }
      },
      "/root/EasterEggIsland/app/jobs/application_job.rb": {
        "lines": [
          0,
          null,
          null,
          null,
          null,
          null,
          0
        ],
        "branches": {
        }
      },
      "/root/EasterEggIsland/app/mailers/application_mailer.rb": {
        "lines": [
          0,
          0,
          0,
          0
        ],
        "branches": {
        }
      },
      "/root/EasterEggIsland/app/models/application_record.rb": {
        "lines": [
          0,
          0,
          0
        ],
        "branches": {
        }
      },
      "/root/EasterEggIsland/app/models/user.rb": {
        "lines": [
          0,
          null,
          null,
          0,
          0,
          null,
          null,
          0
        ],
        "branches": {
        }
      }
    },
    "timestamp": 1682716064
  }
}
